TN:
SF:arrays.js
FN:1,(anonymous_0)
FN:2,(anonymous_1)
FNF:2
FNH:2
FNDA:3,(anonymous_0)
FNDA:1,(anonymous_1)
DA:1,3
DA:2,1
LF:2
LH:2
BRF:0
BRH:0
end_of_record
TN:
SF:maths.js
FN:1,(anonymous_0)
FN:4,(anonymous_1)
FN:7,(anonymous_2)
FN:10,(anonymous_3)
FNF:4
FNH:1
FNDA:6,(anonymous_0)
FNDA:0,(anonymous_1)
FNDA:0,(anonymous_2)
FNDA:0,(anonymous_3)
DA:1,2
DA:2,6
DA:4,2
DA:5,0
DA:7,2
DA:8,0
DA:10,2
DA:11,0
LF:8
LH:5
BRF:0
BRH:0
end_of_record
TN:
SF:true.js
FN:1,(anonymous_0)
FN:4,(anonymous_1)
FN:7,(anonymous_2)
FN:10,(anonymous_3)
FNF:4
FNH:4
FNDA:1,(anonymous_0)
FNDA:2,(anonymous_1)
FNDA:1,(anonymous_2)
FNDA:1,(anonymous_3)
DA:1,1
DA:2,1
DA:4,1
DA:5,2
DA:7,1
DA:8,1
DA:10,1
DA:11,1
LF:8
LH:8
BRF:0
BRH:0
end_of_record
